# JRE version: Java(TM) SE Runtime Environment (8.0_161-b12) (build 1.8.0_161-b12)
# Java VM: Java HotSpot(TM) 64-Bit Server VM (25.161-b12 mixed mode windows-amd64 compressed oops)
Heap:
 PSYoungGen      total 139264K, used 50750K [0x000000076b600000, 0x0000000783000000, 0x00000007c0000000)
  eden space 128512K, 39% used [0x000000076b600000,0x000000076e78f8c0,0x0000000773380000)
  from space 10752K, 0% used [0x0000000773380000,0x0000000773380000,0x0000000773e00000)
  to   space 106496K, 0% used [0x000000077c800000,0x000000077c800000,0x0000000783000000)
 ParOldGen       total 243200K, used 33420K [0x00000006c2200000, 0x00000006d0f80000, 0x000000076b600000)
  object space 243200K, 13% used [0x00000006c2200000,0x00000006c42a3000,0x00000006d0f80000)
 Metaspace       used 14931K, capacity 15118K, committed 15360K, reserved 1062912K
  class space    used 1942K, capacity 1998K, committed 2048K, reserved 1048576K
GC Heap History (10 events):
Event: 4.386 GC heap after
Heap after GC invocations=3 (full 1):
 PSYoungGen      total 75776K, used 0K [0x000000076b600000, 0x0000000774a00000, 0x00000007c0000000)
  eden space 65024K, 0% used [0x000000076b600000,0x000000076b600000,0x000000076f580000)
  from space 10752K, 0% used [0x0000000770000000,0x0000000770000000,0x0000000770a80000)
  to   space 10752K, 0% used [0x000000076f580000,0x000000076f580000,0x0000000770000000)
 ParOldGen       total 173056K, used 25215K [0x00000006c2200000, 0x00000006ccb00000, 0x000000076b600000)
  object space 173056K, 14% used [0x00000006c2200000,0x00000006c3a9ff60,0x00000006ccb00000)
 Metaspace       used 14880K, capacity 15118K, committed 15360K, reserved 1062912K
  class space    used 1942K, capacity 1998K, committed 2048K, reserved 1048576K
}
Event: 4.428 GC heap before
{Heap before GC invocations=4 (full 1):
 PSYoungGen      total 75776K, used 63479K [0x000000076b600000, 0x0000000774a00000, 0x00000007c0000000)
  eden space 65024K, 97% used [0x000000076b600000,0x000000076f3fdd28,0x000000076f580000)
  from space 10752K, 0% used [0x0000000770000000,0x0000000770000000,0x0000000770a80000)
  to   space 10752K, 0% used [0x000000076f580000,0x000000076f580000,0x0000000770000000)
 ParOldGen       total 173056K, used 25215K [0x00000006c2200000, 0x00000006ccb00000, 0x000000076b600000)
  object space 173056K, 14% used [0x00000006c2200000,0x00000006c3a9ff60,0x00000006ccb00000)
 Metaspace       used 14919K, capacity 15118K, committed 15360K, reserved 1062912K
  class space    used 1942K, capacity 1998K, committed 2048K, reserved 1048576K
Event: 4.436 GC heap after
Heap after GC invocations=4 (full 1):
 PSYoungGen      total 75776K, used 9815K [0x000000076b600000, 0x0000000774900000, 0x00000007c0000000)
  eden space 65024K, 0% used [0x000000076b600000,0x000000076b600000,0x000000076f580000)
  from space 10752K, 91% used [0x000000076f580000,0x000000076ff15f40,0x0000000770000000)
  to   space 10752K, 0% used [0x0000000773e80000,0x0000000773e80000,0x0000000774900000)
 ParOldGen       total 173056K, used 106473K [0x00000006c2200000, 0x00000006ccb00000, 0x000000076b600000)
  object space 173056K, 61% used [0x00000006c2200000,0x00000006c89fa450,0x00000006ccb00000)
 Metaspace       used 14919K, capacity 15118K, committed 15360K, reserved 1062912K
  class space    used 1942K, capacity 1998K, committed 2048K, reserved 1048576K
}
Event: 4.436 GC heap before
{Heap before GC invocations=5 (full 2):
 PSYoungGen      total 75776K, used 9815K [0x000000076b600000, 0x0000000774900000, 0x00000007c0000000)
  eden space 65024K, 0% used [0x000000076b600000,0x000000076b600000,0x000000076f580000)
  from space 10752K, 91% used [0x000000076f580000,0x000000076ff15f40,0x0000000770000000)
  to   space 10752K, 0% used [0x0000000773e80000,0x0000000773e80000,0x0000000774900000)
 ParOldGen       total 173056K, used 106473K [0x00000006c2200000, 0x00000006ccb00000, 0x000000076b600000)
  object space 173056K, 61% used [0x00000006c2200000,0x00000006c89fa450,0x00000006ccb00000)
 Metaspace       used 14919K, capacity 15118K, committed 15360K, reserved 1062912K
  class space    used 1942K, capacity 1998K, committed 2048K, reserved 1048576K
Event: 4.453 GC heap after
Heap after GC invocations=5 (full 2):
 PSYoungGen      total 75776K, used 0K [0x000000076b600000, 0x0000000774900000, 0x00000007c0000000)
  eden space 65024K, 0% used [0x000000076b600000,0x000000076b600000,0x000000076f580000)
  from space 10752K, 0% used [0x000000076f580000,0x000000076f580000,0x0000000770000000)
  to   space 10752K, 0% used [0x0000000773e80000,0x0000000773e80000,0x0000000774900000)
 ParOldGen       total 216064K, used 33451K [0x00000006c2200000, 0x00000006cf500000, 0x000000076b600000)
  object space 216064K, 15% used [0x00000006c2200000,0x00000006c42aad20,0x00000006cf500000)
 Metaspace       used 14919K, capacity 15118K, committed 15360K, reserved 1062912K
  class space    used 1942K, capacity 1998K, committed 2048K, reserved 1048576K
}
Event: 4.469 GC heap before
{Heap before GC invocations=6 (full 2):
 PSYoungGen      total 75776K, used 59157K [0x000000076b600000, 0x0000000774900000, 0x00000007c0000000)
  eden space 65024K, 90% used [0x000000076b600000,0x000000076efc5518,0x000000076f580000)
  from space 10752K, 0% used [0x000000076f580000,0x000000076f580000,0x0000000770000000)
  to   space 10752K, 0% used [0x0000000773e80000,0x0000000773e80000,0x0000000774900000)
 ParOldGen       total 216064K, used 33451K [0x00000006c2200000, 0x00000006cf500000, 0x000000076b600000)
  object space 216064K, 15% used [0x00000006c2200000,0x00000006c42aad20,0x00000006cf500000)
 Metaspace       used 14922K, capacity 15118K, committed 15360K, reserved 1062912K
  class space    used 1942K, capacity 1998K, committed 2048K, reserved 1048576K
Event: 4.478 GC heap after
Heap after GC invocations=6 (full 2):
 PSYoungGen      total 116736K, used 9879K [0x000000076b600000, 0x0000000774880000, 0x00000007c0000000)
  eden space 106496K, 0% used [0x000000076b600000,0x000000076b600000,0x0000000771e00000)
  from space 10240K, 96% used [0x0000000773e80000,0x0000000774825f40,0x0000000774880000)
  to   space 10752K, 0% used [0x0000000773380000,0x0000000773380000,0x0000000773e00000)
 ParOldGen       total 216064K, used 100593K [0x00000006c2200000, 0x00000006cf500000, 0x000000076b600000)
  object space 216064K, 46% used [0x00000006c2200000,0x00000006c843c7e0,0x00000006cf500000)
 Metaspace       used 14922K, capacity 15118K, committed 15360K, reserved 1062912K
  class space    used 1942K, capacity 1998K, committed 2048K, reserved 1048576K
}
Event: 4.507 GC heap before
{Heap before GC invocations=7 (full 2):
 PSYoungGen      total 116736K, used 108233K [0x000000076b600000, 0x0000000774880000, 0x00000007c0000000)
  eden space 106496K, 92% used [0x000000076b600000,0x000000077160c5e8,0x0000000771e00000)
  from space 10240K, 96% used [0x0000000773e80000,0x0000000774825f40,0x0000000774880000)
  to   space 10752K, 0% used [0x0000000773380000,0x0000000773380000,0x0000000773e00000)
 ParOldGen       total 216064K, used 100593K [0x00000006c2200000, 0x00000006cf500000, 0x000000076b600000)
  object space 216064K, 46% used [0x00000006c2200000,0x00000006c843c7e0,0x00000006cf500000)
 Metaspace       used 14930K, capacity 15118K, committed 15360K, reserved 1062912K
  class space    used 1942K, capacity 1998K, committed 2048K, reserved 1048576K
Event: 4.516 GC heap after
Heap after GC invocations=7 (full 2):
 PSYoungGen      total 139264K, used 9783K [0x000000076b600000, 0x0000000783000000, 0x00000007c0000000)
  eden space 128512K, 0% used [0x000000076b600000,0x000000076b600000,0x0000000773380000)
  from space 10752K, 90% used [0x0000000773380000,0x0000000773d0df40,0x0000000773e00000)
  to   space 106496K, 0% used [0x000000077c800000,0x000000077c800000,0x0000000783000000)
 ParOldGen       total 216064K, used 148553K [0x00000006c2200000, 0x00000006cf500000, 0x000000076b600000)
  object space 216064K, 68% used [0x00000006c2200000,0x00000006cb312420,0x00000006cf500000)
 Metaspace       used 14930K, capacity 15118K, committed 15360K, reserved 1062912K
  class space    used 1942K, capacity 1998K, committed 2048K, reserved 1048576K
}
Event: 4.516 GC heap before
{Heap before GC invocations=8 (full 3):
 PSYoungGen      total 139264K, used 9783K [0x000000076b600000, 0x0000000783000000, 0x00000007c0000000)
  eden space 128512K, 0% used [0x000000076b600000,0x000000076b600000,0x0000000773380000)
  from space 10752K, 90% used [0x0000000773380000,0x0000000773d0df40,0x0000000773e00000)
  to   space 106496K, 0% used [0x000000077c800000,0x000000077c800000,0x0000000783000000)
 ParOldGen       total 216064K, used 148553K [0x00000006c2200000, 0x00000006cf500000, 0x000000076b600000)
  object space 216064K, 68% used [0x00000006c2200000,0x00000006cb312420,0x00000006cf500000)
 Metaspace       used 14930K, capacity 15118K, committed 15360K, reserved 1062912K
  class space    used 1942K, capacity 1998K, committed 2048K, reserved 1048576K

