# JRE version: Java(TM) SE Runtime Environment (8.0_161-b12) (build 1.8.0_161-b12)
# Java VM: Java HotSpot(TM) 64-Bit Server VM (25.161-b12 mixed mode windows-amd64 compressed oops)
Heap:
 PSYoungGen      total 443392K, used 250840K [0x000000076b600000, 0x000000078f280000, 0x00000007c0000000)
  eden space 429568K, 58% used [0x000000076b600000,0x000000077aaf62d8,0x0000000785980000)
  from space 13824K, 0% used [0x0000000785980000,0x0000000785980000,0x0000000786700000)
  to   space 14336K, 0% used [0x000000078e480000,0x000000078e480000,0x000000078f280000)
 ParOldGen       total 663552K, used 36346K [0x00000006c2200000, 0x00000006eaa00000, 0x000000076b600000)
  object space 663552K, 5% used [0x00000006c2200000,0x00000006c457ea10,0x00000006eaa00000)
 Metaspace       used 18500K, capacity 18938K, committed 19200K, reserved 1067008K
  class space    used 2375K, capacity 2471K, committed 2560K, reserved 1048576K
GC Heap History (10 events):
Event: 18.078 GC heap before
{Heap before GC invocations=15 (full 6):
 PSYoungGen      total 342528K, used 7509K [0x000000076b600000, 0x0000000787980000, 0x00000007c0000000)
  eden space 328192K, 0% used [0x000000076b600000,0x000000076b600000,0x000000077f680000)
  from space 14336K, 52% used [0x000000077f680000,0x000000077fdd56b0,0x0000000780480000)
  to   space 13824K, 0% used [0x0000000786c00000,0x0000000786c00000,0x0000000787980000)
 ParOldGen       total 380416K, used 120848K [0x00000006c2200000, 0x00000006d9580000, 0x000000076b600000)
  object space 380416K, 31% used [0x00000006c2200000,0x00000006c98042c0,0x00000006d9580000)
 Metaspace       used 16280K, capacity 16486K, committed 16640K, reserved 1062912K
  class space    used 2177K, capacity 2259K, committed 2304K, reserved 1048576K
Event: 18.113 GC heap after
Heap after GC invocations=15 (full 6):
 PSYoungGen      total 342528K, used 0K [0x000000076b600000, 0x0000000787980000, 0x00000007c0000000)
  eden space 328192K, 0% used [0x000000076b600000,0x000000076b600000,0x000000077f680000)
  from space 14336K, 0% used [0x000000077f680000,0x000000077f680000,0x0000000780480000)
  to   space 13824K, 0% used [0x0000000786c00000,0x0000000786c00000,0x0000000787980000)
 ParOldGen       total 380416K, used 35828K [0x00000006c2200000, 0x00000006d9580000, 0x000000076b600000)
  object space 380416K, 9% used [0x00000006c2200000,0x00000006c44fd290,0x00000006d9580000)
 Metaspace       used 16280K, capacity 16486K, committed 16640K, reserved 1062912K
  class space    used 2177K, capacity 2259K, committed 2304K, reserved 1048576K
}
Event: 43.121 GC heap before
{Heap before GC invocations=16 (full 6):
 PSYoungGen      total 342528K, used 306874K [0x000000076b600000, 0x0000000787980000, 0x00000007c0000000)
  eden space 328192K, 93% used [0x000000076b600000,0x000000077e1ae940,0x000000077f680000)
  from space 14336K, 0% used [0x000000077f680000,0x000000077f680000,0x0000000780480000)
  to   space 13824K, 0% used [0x0000000786c00000,0x0000000786c00000,0x0000000787980000)
 ParOldGen       total 380416K, used 35828K [0x00000006c2200000, 0x00000006d9580000, 0x000000076b600000)
  object space 380416K, 9% used [0x00000006c2200000,0x00000006c44fd290,0x00000006d9580000)
 Metaspace       used 18403K, capacity 18810K, committed 18944K, reserved 1064960K
  class space    used 2374K, capacity 2471K, committed 2560K, reserved 1048576K
Event: 43.181 GC heap after
Heap after GC invocations=16 (full 6):
 PSYoungGen      total 429568K, used 8469K [0x000000076b600000, 0x0000000787480000, 0x00000007c0000000)
  eden space 420864K, 0% used [0x000000076b600000,0x000000076b600000,0x0000000785100000)
  from space 8704K, 97% used [0x0000000786c00000,0x00000007874456c0,0x0000000787480000)
  to   space 13824K, 0% used [0x0000000785980000,0x0000000785980000,0x0000000786700000)
 ParOldGen       total 380416K, used 374823K [0x00000006c2200000, 0x00000006d9580000, 0x000000076b600000)
  object space 380416K, 98% used [0x00000006c2200000,0x00000006d9009e08,0x00000006d9580000)
 Metaspace       used 18403K, capacity 18810K, committed 18944K, reserved 1064960K
  class space    used 2374K, capacity 2471K, committed 2560K, reserved 1048576K
}
Event: 43.181 GC heap before
{Heap before GC invocations=17 (full 7):
 PSYoungGen      total 429568K, used 8469K [0x000000076b600000, 0x0000000787480000, 0x00000007c0000000)
  eden space 420864K, 0% used [0x000000076b600000,0x000000076b600000,0x0000000785100000)
  from space 8704K, 97% used [0x0000000786c00000,0x00000007874456c0,0x0000000787480000)
  to   space 13824K, 0% used [0x0000000785980000,0x0000000785980000,0x0000000786700000)
 ParOldGen       total 380416K, used 374823K [0x00000006c2200000, 0x00000006d9580000, 0x000000076b600000)
  object space 380416K, 98% used [0x00000006c2200000,0x00000006d9009e08,0x00000006d9580000)
 Metaspace       used 18403K, capacity 18810K, committed 18944K, reserved 1064960K
  class space    used 2374K, capacity 2471K, committed 2560K, reserved 1048576K
Event: 43.203 GC heap after
Heap after GC invocations=17 (full 7):
 PSYoungGen      total 429568K, used 0K [0x000000076b600000, 0x0000000787480000, 0x00000007c0000000)
  eden space 420864K, 0% used [0x000000076b600000,0x000000076b600000,0x0000000785100000)
  from space 8704K, 0% used [0x0000000786c00000,0x0000000786c00000,0x0000000787480000)
  to   space 13824K, 0% used [0x0000000785980000,0x0000000785980000,0x0000000786700000)
 ParOldGen       total 663552K, used 222601K [0x00000006c2200000, 0x00000006eaa00000, 0x000000076b600000)
  object space 663552K, 33% used [0x00000006c2200000,0x00000006cfb62718,0x00000006eaa00000)
 Metaspace       used 18403K, capacity 18810K, committed 18944K, reserved 1064960K
  class space    used 2374K, capacity 2471K, committed 2560K, reserved 1048576K
}
Event: 54.681 GC heap before
{Heap before GC invocations=18 (full 7):
 PSYoungGen      total 429568K, used 56215K [0x000000076b600000, 0x0000000787480000, 0x00000007c0000000)
  eden space 420864K, 13% used [0x000000076b600000,0x000000076ece5c88,0x0000000785100000)
  from space 8704K, 0% used [0x0000000786c00000,0x0000000786c00000,0x0000000787480000)
  to   space 13824K, 0% used [0x0000000785980000,0x0000000785980000,0x0000000786700000)
 ParOldGen       total 663552K, used 222601K [0x00000006c2200000, 0x00000006eaa00000, 0x000000076b600000)
  object space 663552K, 33% used [0x00000006c2200000,0x00000006cfb62718,0x00000006eaa00000)
 Metaspace       used 18465K, capacity 18874K, committed 19200K, reserved 1067008K
  class space    used 2375K, capacity 2471K, committed 2560K, reserved 1048576K
Event: 54.688 GC heap after
Heap after GC invocations=18 (full 7):
 PSYoungGen      total 443392K, used 256K [0x000000076b600000, 0x000000078f280000, 0x00000007c0000000)
  eden space 429568K, 0% used [0x000000076b600000,0x000000076b600000,0x0000000785980000)
  from space 13824K, 1% used [0x0000000785980000,0x00000007859c0000,0x0000000786700000)
  to   space 14336K, 0% used [0x000000078e480000,0x000000078e480000,0x000000078f280000)
 ParOldGen       total 663552K, used 307062K [0x00000006c2200000, 0x00000006eaa00000, 0x000000076b600000)
  object space 663552K, 46% used [0x00000006c2200000,0x00000006d4ddd938,0x00000006eaa00000)
 Metaspace       used 18465K, capacity 18874K, committed 19200K, reserved 1067008K
  class space    used 2375K, capacity 2471K, committed 2560K, reserved 1048576K
}
Event: 54.688 GC heap before
{Heap before GC invocations=19 (full 8):
 PSYoungGen      total 443392K, used 256K [0x000000076b600000, 0x000000078f280000, 0x00000007c0000000)
  eden space 429568K, 0% used [0x000000076b600000,0x000000076b600000,0x0000000785980000)
  from space 13824K, 1% used [0x0000000785980000,0x00000007859c0000,0x0000000786700000)
  to   space 14336K, 0% used [0x000000078e480000,0x000000078e480000,0x000000078f280000)
 ParOldGen       total 663552K, used 307062K [0x00000006c2200000, 0x00000006eaa00000, 0x000000076b600000)
  object space 663552K, 46% used [0x00000006c2200000,0x00000006d4ddd938,0x00000006eaa00000)
 Metaspace       used 18465K, capacity 18874K, committed 19200K, reserved 1067008K
  class space    used 2375K, capacity 2471K, committed 2560K, reserved 1048576K
Event: 54.729 GC heap after
Heap after GC invocations=19 (full 8):
 PSYoungGen      total 443392K, used 0K [0x000000076b600000, 0x000000078f280000, 0x00000007c0000000)
  eden space 429568K, 0% used [0x000000076b600000,0x000000076b600000,0x0000000785980000)
  from space 13824K, 0% used [0x0000000785980000,0x0000000785980000,0x0000000786700000)
  to   space 14336K, 0% used [0x000000078e480000,0x000000078e480000,0x000000078f280000)
 ParOldGen       total 663552K, used 36346K [0x00000006c2200000, 0x00000006eaa00000, 0x000000076b600000)
  object space 663552K, 5% used [0x00000006c2200000,0x00000006c457ea10,0x00000006eaa00000)
 Metaspace       used 18465K, capacity 18874K, committed 19200K, reserved 1067008K
  class space    used 2375K, capacity 2471K, committed 2560K, reserved 1048576K
}

