# JRE version: Java(TM) SE Runtime Environment (8.0_161-b12) (build 1.8.0_161-b12)
# Java VM: Java HotSpot(TM) 64-Bit Server VM (25.161-b12 mixed mode windows-amd64 compressed oops)
Heap:
 PSYoungGen      total 262656K, used 117408K [0x000000076b600000, 0x000000077f500000, 0x00000007c0000000)
  eden space 254464K, 46% used [0x000000076b600000,0x00000007728a82f0,0x000000077ae80000)
  from space 8192K, 0% used [0x000000077ae80000,0x000000077ae80000,0x000000077b680000)
  to   space 7680K, 0% used [0x000000077ed80000,0x000000077ed80000,0x000000077f500000)
 ParOldGen       total 734720K, used 209819K [0x00000006c2200000, 0x00000006eef80000, 0x000000076b600000)
  object space 734720K, 28% used [0x00000006c2200000,0x00000006ceee6dc8,0x00000006eef80000)
 Metaspace       used 18359K, capacity 18810K, committed 18944K, reserved 1064960K
  class space    used 2349K, capacity 2471K, committed 2560K, reserved 1048576K
GC Heap History (10 events):
Event: 3.517 GC heap before
{Heap before GC invocations=14 (full 5):
 PSYoungGen      total 211456K, used 188266K [0x000000076b600000, 0x0000000779000000, 0x00000007c0000000)
  eden space 201728K, 93% used [0x000000076b600000,0x0000000776da2b10,0x0000000777b00000)
  from space 9728K, 2% used [0x0000000778400000,0x0000000778438000,0x0000000778d80000)
  to   space 9216K, 0% used [0x0000000777b00000,0x0000000777b00000,0x0000000778400000)
 ParOldGen       total 449536K, used 174217K [0x00000006c2200000, 0x00000006dd900000, 0x000000076b600000)
  object space 449536K, 38% used [0x00000006c2200000,0x00000006ccc22558,0x00000006dd900000)
 Metaspace       used 14629K, capacity 14812K, committed 15104K, reserved 1062912K
  class space    used 1940K, capacity 2024K, committed 2048K, reserved 1048576K
Event: 3.524 GC heap after
Heap after GC invocations=14 (full 5):
 PSYoungGen      total 210944K, used 256K [0x000000076b600000, 0x000000077bf80000, 0x00000007c0000000)
  eden space 201728K, 0% used [0x000000076b600000,0x000000076b600000,0x0000000777b00000)
  from space 9216K, 2% used [0x0000000777b00000,0x0000000777b40000,0x0000000778400000)
  to   space 8704K, 0% used [0x000000077b700000,0x000000077b700000,0x000000077bf80000)
 ParOldGen       total 449536K, used 266280K [0x00000006c2200000, 0x00000006dd900000, 0x000000076b600000)
  object space 449536K, 59% used [0x00000006c2200000,0x00000006d260a378,0x00000006dd900000)
 Metaspace       used 14629K, capacity 14812K, committed 15104K, reserved 1062912K
  class space    used 1940K, capacity 2024K, committed 2048K, reserved 1048576K
}
Event: 12.894 GC heap before
{Heap before GC invocations=15 (full 5):
 PSYoungGen      total 210944K, used 162946K [0x000000076b600000, 0x000000077bf80000, 0x00000007c0000000)
  eden space 201728K, 80% used [0x000000076b600000,0x00000007754e09c0,0x0000000777b00000)
  from space 9216K, 2% used [0x0000000777b00000,0x0000000777b40000,0x0000000778400000)
  to   space 8704K, 0% used [0x000000077b700000,0x000000077b700000,0x000000077bf80000)
 ParOldGen       total 449536K, used 266280K [0x00000006c2200000, 0x00000006dd900000, 0x000000076b600000)
  object space 449536K, 59% used [0x00000006c2200000,0x00000006d260a378,0x00000006dd900000)
 Metaspace       used 16230K, capacity 16422K, committed 16640K, reserved 1062912K
  class space    used 2176K, capacity 2259K, committed 2304K, reserved 1048576K
Event: 12.917 GC heap after
Heap after GC invocations=15 (full 5):
 PSYoungGen      total 262144K, used 416K [0x000000076b600000, 0x000000077be80000, 0x00000007c0000000)
  eden space 254464K, 0% used [0x000000076b600000,0x000000076b600000,0x000000077ae80000)
  from space 7680K, 5% used [0x000000077b700000,0x000000077b768000,0x000000077be80000)
  to   space 8192K, 0% used [0x000000077ae80000,0x000000077ae80000,0x000000077b680000)
 ParOldGen       total 449536K, used 358352K [0x00000006c2200000, 0x00000006dd900000, 0x000000076b600000)
  object space 449536K, 79% used [0x00000006c2200000,0x00000006d7ff4198,0x00000006dd900000)
 Metaspace       used 16230K, capacity 16422K, committed 16640K, reserved 1062912K
  class space    used 2176K, capacity 2259K, committed 2304K, reserved 1048576K
}
Event: 12.917 GC heap before
{Heap before GC invocations=16 (full 6):
 PSYoungGen      total 262144K, used 416K [0x000000076b600000, 0x000000077be80000, 0x00000007c0000000)
  eden space 254464K, 0% used [0x000000076b600000,0x000000076b600000,0x000000077ae80000)
  from space 7680K, 5% used [0x000000077b700000,0x000000077b768000,0x000000077be80000)
  to   space 8192K, 0% used [0x000000077ae80000,0x000000077ae80000,0x000000077b680000)
 ParOldGen       total 449536K, used 358352K [0x00000006c2200000, 0x00000006dd900000, 0x000000076b600000)
  object space 449536K, 79% used [0x00000006c2200000,0x00000006d7ff4198,0x00000006dd900000)
 Metaspace       used 16230K, capacity 16422K, committed 16640K, reserved 1062912K
  class space    used 2176K, capacity 2259K, committed 2304K, reserved 1048576K
Event: 12.960 GC heap after
Heap after GC invocations=16 (full 6):
 PSYoungGen      total 262144K, used 0K [0x000000076b600000, 0x000000077be80000, 0x00000007c0000000)
  eden space 254464K, 0% used [0x000000076b600000,0x000000076b600000,0x000000077ae80000)
  from space 7680K, 0% used [0x000000077b700000,0x000000077b700000,0x000000077be80000)
  to   space 8192K, 0% used [0x000000077ae80000,0x000000077ae80000,0x000000077b680000)
 ParOldGen       total 449536K, used 51655K [0x00000006c2200000, 0x00000006dd900000, 0x000000076b600000)
  object space 449536K, 11% used [0x00000006c2200000,0x00000006c5471f00,0x00000006dd900000)
 Metaspace       used 16230K, capacity 16422K, committed 16640K, reserved 1062912K
  class space    used 2176K, capacity 2259K, committed 2304K, reserved 1048576K
}
Event: 15.180 GC heap before
{Heap before GC invocations=17 (full 6):
 PSYoungGen      total 262144K, used 254464K [0x000000076b600000, 0x000000077be80000, 0x00000007c0000000)
  eden space 254464K, 100% used [0x000000076b600000,0x000000077ae80000,0x000000077ae80000)
  from space 7680K, 0% used [0x000000077b700000,0x000000077b700000,0x000000077be80000)
  to   space 8192K, 0% used [0x000000077ae80000,0x000000077ae80000,0x000000077b680000)
 ParOldGen       total 449536K, used 51655K [0x00000006c2200000, 0x00000006dd900000, 0x000000076b600000)
  object space 449536K, 11% used [0x00000006c2200000,0x00000006c5471f00,0x00000006dd900000)
 Metaspace       used 18227K, capacity 18650K, committed 18944K, reserved 1064960K
  class space    used 2346K, capacity 2439K, committed 2560K, reserved 1048576K
Event: 15.226 GC heap after
Heap after GC invocations=17 (full 6):
 PSYoungGen      total 262656K, used 1792K [0x000000076b600000, 0x000000077f500000, 0x00000007c0000000)
  eden space 254464K, 0% used [0x000000076b600000,0x000000076b600000,0x000000077ae80000)
  from space 8192K, 21% used [0x000000077ae80000,0x000000077b040010,0x000000077b680000)
  to   space 7680K, 0% used [0x000000077ed80000,0x000000077ed80000,0x000000077f500000)
 ParOldGen       total 449536K, used 408324K [0x00000006c2200000, 0x00000006dd900000, 0x000000076b600000)
  object space 449536K, 90% used [0x00000006c2200000,0x00000006db0c1318,0x00000006dd900000)
 Metaspace       used 18227K, capacity 18650K, committed 18944K, reserved 1064960K
  class space    used 2346K, capacity 2439K, committed 2560K, reserved 1048576K
}
Event: 15.226 GC heap before
{Heap before GC invocations=18 (full 7):
 PSYoungGen      total 262656K, used 1792K [0x000000076b600000, 0x000000077f500000, 0x00000007c0000000)
  eden space 254464K, 0% used [0x000000076b600000,0x000000076b600000,0x000000077ae80000)
  from space 8192K, 21% used [0x000000077ae80000,0x000000077b040010,0x000000077b680000)
  to   space 7680K, 0% used [0x000000077ed80000,0x000000077ed80000,0x000000077f500000)
 ParOldGen       total 449536K, used 408324K [0x00000006c2200000, 0x00000006dd900000, 0x000000076b600000)
  object space 449536K, 90% used [0x00000006c2200000,0x00000006db0c1318,0x00000006dd900000)
 Metaspace       used 18227K, capacity 18650K, committed 18944K, reserved 1064960K
  class space    used 2346K, capacity 2439K, committed 2560K, reserved 1048576K
Event: 15.253 GC heap after
Heap after GC invocations=18 (full 7):
 PSYoungGen      total 262656K, used 0K [0x000000076b600000, 0x000000077f500000, 0x00000007c0000000)
  eden space 254464K, 0% used [0x000000076b600000,0x000000076b600000,0x000000077ae80000)
  from space 8192K, 0% used [0x000000077ae80000,0x000000077ae80000,0x000000077b680000)
  to   space 7680K, 0% used [0x000000077ed80000,0x000000077ed80000,0x000000077f500000)
 ParOldGen       total 734720K, used 209819K [0x00000006c2200000, 0x00000006eef80000, 0x000000076b600000)
  object space 734720K, 28% used [0x00000006c2200000,0x00000006ceee6dc8,0x00000006eef80000)
 Metaspace       used 18227K, capacity 18650K, committed 18944K, reserved 1064960K
  class space    used 2346K, capacity 2439K, committed 2560K, reserved 1048576K
}

