# JRE version: Java(TM) SE Runtime Environment (8.0_161-b12) (build 1.8.0_161-b12)
# Java VM: Java HotSpot(TM) 64-Bit Server VM (25.161-b12 mixed mode windows-amd64 compressed oops)
Heap:
 PSYoungGen      total 343552K, used 133622K [0x000000076b600000, 0x0000000786600000, 0x00000007c0000000)
  eden space 249856K, 30% used [0x000000076b600000,0x0000000770171180,0x000000077aa00000)
  from space 93696K, 60% used [0x0000000780a80000,0x000000078418c928,0x0000000786600000)
  to   space 96256K, 0% used [0x000000077aa00000,0x000000077aa00000,0x0000000780800000)
 ParOldGen       total 326144K, used 37020K [0x00000006c2200000, 0x00000006d6080000, 0x000000076b600000)
  object space 326144K, 11% used [0x00000006c2200000,0x00000006c4627198,0x00000006d6080000)
 Metaspace       used 16415K, capacity 16604K, committed 16768K, reserved 1064960K
  class space    used 2080K, capacity 2152K, committed 2176K, reserved 1048576K
GC Heap History (10 events):
Event: 6.058 GC heap before
{Heap before GC invocations=12 (full 3):
 PSYoungGen      total 273920K, used 205661K [0x000000076b600000, 0x0000000783780000, 0x00000007c0000000)
  eden space 185856K, 95% used [0x000000076b600000,0x00000007762acd68,0x0000000776b80000)
  from space 88064K, 32% used [0x000000077e180000,0x000000077fdaa698,0x0000000783780000)
  to   space 104448K, 0% used [0x0000000776b80000,0x0000000776b80000,0x000000077d180000)
 ParOldGen       total 326144K, used 151628K [0x00000006c2200000, 0x00000006d6080000, 0x000000076b600000)
  object space 326144K, 46% used [0x00000006c2200000,0x00000006cb613260,0x00000006d6080000)
 Metaspace       used 14654K, capacity 14844K, committed 15104K, reserved 1062912K
  class space    used 1926K, capacity 1992K, committed 2048K, reserved 1048576K
Event: 6.065 GC heap after
Heap after GC invocations=12 (full 3):
 PSYoungGen      total 290304K, used 30930K [0x000000076b600000, 0x0000000784c00000, 0x00000007c0000000)
  eden space 185856K, 0% used [0x000000076b600000,0x000000076b600000,0x0000000776b80000)
  from space 104448K, 29% used [0x0000000776b80000,0x00000007789b4be0,0x000000077d180000)
  to   space 97792K, 0% used [0x000000077ec80000,0x000000077ec80000,0x0000000784c00000)
 ParOldGen       total 326144K, used 151636K [0x00000006c2200000, 0x00000006d6080000, 0x000000076b600000)
  object space 326144K, 46% used [0x00000006c2200000,0x00000006cb615260,0x00000006d6080000)
 Metaspace       used 14654K, capacity 14844K, committed 15104K, reserved 1062912K
  class space    used 1926K, capacity 1992K, committed 2048K, reserved 1048576K
}
Event: 15.629 GC heap before
{Heap before GC invocations=13 (full 3):
 PSYoungGen      total 290304K, used 109101K [0x000000076b600000, 0x0000000784c00000, 0x00000007c0000000)
  eden space 185856K, 42% used [0x000000076b600000,0x0000000770256a20,0x0000000776b80000)
  from space 104448K, 29% used [0x0000000776b80000,0x00000007789b4be0,0x000000077d180000)
  to   space 97792K, 0% used [0x000000077ec80000,0x000000077ec80000,0x0000000784c00000)
 ParOldGen       total 326144K, used 151636K [0x00000006c2200000, 0x00000006d6080000, 0x000000076b600000)
  object space 326144K, 46% used [0x00000006c2200000,0x00000006cb615260,0x00000006d6080000)
 Metaspace       used 14862K, capacity 15068K, committed 15360K, reserved 1062912K
  class space    used 1947K, capacity 2024K, committed 2048K, reserved 1048576K
Event: 15.635 GC heap after
Heap after GC invocations=13 (full 3):
 PSYoungGen      total 306688K, used 30962K [0x000000076b600000, 0x0000000784100000, 0x00000007c0000000)
  eden space 220160K, 0% used [0x000000076b600000,0x000000076b600000,0x0000000778d00000)
  from space 86528K, 35% used [0x000000077ec80000,0x0000000780abcbe0,0x0000000784100000)
  to   space 92160K, 0% used [0x0000000778d00000,0x0000000778d00000,0x000000077e700000)
 ParOldGen       total 326144K, used 151644K [0x00000006c2200000, 0x00000006d6080000, 0x000000076b600000)
  object space 326144K, 46% used [0x00000006c2200000,0x00000006cb617260,0x00000006d6080000)
 Metaspace       used 14862K, capacity 15068K, committed 15360K, reserved 1062912K
  class space    used 1947K, capacity 2024K, committed 2048K, reserved 1048576K
}
Event: 15.635 GC heap before
{Heap before GC invocations=14 (full 4):
 PSYoungGen      total 306688K, used 30962K [0x000000076b600000, 0x0000000784100000, 0x00000007c0000000)
  eden space 220160K, 0% used [0x000000076b600000,0x000000076b600000,0x0000000778d00000)
  from space 86528K, 35% used [0x000000077ec80000,0x0000000780abcbe0,0x0000000784100000)
  to   space 92160K, 0% used [0x0000000778d00000,0x0000000778d00000,0x000000077e700000)
 ParOldGen       total 326144K, used 151644K [0x00000006c2200000, 0x00000006d6080000, 0x000000076b600000)
  object space 326144K, 46% used [0x00000006c2200000,0x00000006cb617260,0x00000006d6080000)
 Metaspace       used 14862K, capacity 15068K, committed 15360K, reserved 1062912K
  class space    used 1947K, capacity 2024K, committed 2048K, reserved 1048576K
Event: 15.673 GC heap after
Heap after GC invocations=14 (full 4):
 PSYoungGen      total 306688K, used 0K [0x000000076b600000, 0x0000000784100000, 0x00000007c0000000)
  eden space 220160K, 0% used [0x000000076b600000,0x000000076b600000,0x0000000778d00000)
  from space 86528K, 0% used [0x000000077ec80000,0x000000077ec80000,0x0000000784100000)
  to   space 92160K, 0% used [0x0000000778d00000,0x0000000778d00000,0x000000077e700000)
 ParOldGen       total 326144K, used 37004K [0x00000006c2200000, 0x00000006d6080000, 0x000000076b600000)
  object space 326144K, 11% used [0x00000006c2200000,0x00000006c4623198,0x00000006d6080000)
 Metaspace       used 14862K, capacity 15068K, committed 15360K, reserved 1062912K
  class space    used 1947K, capacity 2024K, committed 2048K, reserved 1048576K
}
Event: 16.496 GC heap before
{Heap before GC invocations=15 (full 4):
 PSYoungGen      total 306688K, used 220160K [0x000000076b600000, 0x0000000784100000, 0x00000007c0000000)
  eden space 220160K, 100% used [0x000000076b600000,0x0000000778d00000,0x0000000778d00000)
  from space 86528K, 0% used [0x000000077ec80000,0x000000077ec80000,0x0000000784100000)
  to   space 92160K, 0% used [0x0000000778d00000,0x0000000778d00000,0x000000077e700000)
 ParOldGen       total 326144K, used 37004K [0x00000006c2200000, 0x00000006d6080000, 0x000000076b600000)
  object space 326144K, 11% used [0x00000006c2200000,0x00000006c4623198,0x00000006d6080000)
 Metaspace       used 16324K, capacity 16540K, committed 16768K, reserved 1064960K
  class space    used 2080K, capacity 2152K, committed 2176K, reserved 1048576K
Event: 16.505 GC heap after
Heap after GC invocations=15 (full 4):
 PSYoungGen      total 312320K, used 56610K [0x000000076b600000, 0x0000000786700000, 0x00000007c0000000)
  eden space 220160K, 0% used [0x000000076b600000,0x000000076b600000,0x0000000778d00000)
  from space 92160K, 61% used [0x0000000778d00000,0x000000077c448808,0x000000077e700000)
  to   space 94720K, 0% used [0x0000000780a80000,0x0000000780a80000,0x0000000786700000)
 ParOldGen       total 326144K, used 37012K [0x00000006c2200000, 0x00000006d6080000, 0x000000076b600000)
  object space 326144K, 11% used [0x00000006c2200000,0x00000006c4625198,0x00000006d6080000)
 Metaspace       used 16324K, capacity 16540K, committed 16768K, reserved 1064960K
  class space    used 2080K, capacity 2152K, committed 2176K, reserved 1048576K
}
Event: 17.004 GC heap before
{Heap before GC invocations=16 (full 4):
 PSYoungGen      total 312320K, used 276770K [0x000000076b600000, 0x0000000786700000, 0x00000007c0000000)
  eden space 220160K, 100% used [0x000000076b600000,0x0000000778d00000,0x0000000778d00000)
  from space 92160K, 61% used [0x0000000778d00000,0x000000077c448808,0x000000077e700000)
  to   space 94720K, 0% used [0x0000000780a80000,0x0000000780a80000,0x0000000786700000)
 ParOldGen       total 326144K, used 37012K [0x00000006c2200000, 0x00000006d6080000, 0x000000076b600000)
  object space 326144K, 11% used [0x00000006c2200000,0x00000006c4625198,0x00000006d6080000)
 Metaspace       used 16389K, capacity 16604K, committed 16768K, reserved 1064960K
  class space    used 2080K, capacity 2152K, committed 2176K, reserved 1048576K
Event: 17.023 GC heap after
Heap after GC invocations=16 (full 4):
 PSYoungGen      total 343552K, used 56370K [0x000000076b600000, 0x0000000786600000, 0x00000007c0000000)
  eden space 249856K, 0% used [0x000000076b600000,0x000000076b600000,0x000000077aa00000)
  from space 93696K, 60% used [0x0000000780a80000,0x000000078418c928,0x0000000786600000)
  to   space 96256K, 0% used [0x000000077aa00000,0x000000077aa00000,0x0000000780800000)
 ParOldGen       total 326144K, used 37020K [0x00000006c2200000, 0x00000006d6080000, 0x000000076b600000)
  object space 326144K, 11% used [0x00000006c2200000,0x00000006c4627198,0x00000006d6080000)
 Metaspace       used 16389K, capacity 16604K, committed 16768K, reserved 1064960K
  class space    used 2080K, capacity 2152K, committed 2176K, reserved 1048576K
}

