# JRE version: Java(TM) SE Runtime Environment (8.0_161-b12) (build 1.8.0_161-b12)
# Java VM: Java HotSpot(TM) 64-Bit Server VM (25.161-b12 mixed mode windows-amd64 compressed oops)
Heap:
 PSYoungGen      total 971264K, used 66288K [0x000000076b600000, 0x00000007bc880000, 0x00000007c0000000)
  eden space 962048K, 5% used [0x000000076b600000,0x000000076edf6770,0x00000007a6180000)
  from space 9216K, 97% used [0x00000007bbf80000,0x00000007bc845ba8,0x00000007bc880000)
  to   space 16384K, 0% used [0x00000007ba880000,0x00000007ba880000,0x00000007bb880000)
 ParOldGen       total 173568K, used 25284K [0x00000006c2200000, 0x00000006ccb80000, 0x000000076b600000)
  object space 173568K, 14% used [0x00000006c2200000,0x00000006c3ab11a8,0x00000006ccb80000)
 Metaspace       used 15977K, capacity 16188K, committed 16512K, reserved 1062912K
  class space    used 2063K, capacity 2120K, committed 2176K, reserved 1048576K
GC Heap History (10 events):
Event: 5.150 GC heap before
{Heap before GC invocations=9 (full 1):
 PSYoungGen      total 270848K, used 269703K [0x000000076b600000, 0x000000078c900000, 0x00000007c0000000)
  eden space 254976K, 100% used [0x000000076b600000,0x000000077af00000,0x000000077af00000)
  from space 15872K, 92% used [0x000000077af00000,0x000000077bd61e60,0x000000077be80000)
  to   space 16896K, 0% used [0x000000078b880000,0x000000078b880000,0x000000078c900000)
 ParOldGen       total 173568K, used 14404K [0x00000006c2200000, 0x00000006ccb80000, 0x000000076b600000)
  object space 173568K, 8% used [0x00000006c2200000,0x00000006c3011150,0x00000006ccb80000)
 Metaspace       used 15858K, capacity 16060K, committed 16256K, reserved 1062912K
  class space    used 2063K, capacity 2120K, committed 2176K, reserved 1048576K
Event: 5.156 GC heap after
Heap after GC invocations=9 (full 1):
 PSYoungGen      total 525824K, used 5732K [0x000000076b600000, 0x000000078cb00000, 0x00000007c0000000)
  eden space 508928K, 0% used [0x000000076b600000,0x000000076b600000,0x000000078a700000)
  from space 16896K, 33% used [0x000000078b880000,0x000000078be19278,0x000000078c900000)
  to   space 17920K, 0% used [0x000000078a700000,0x000000078a700000,0x000000078b880000)
 ParOldGen       total 173568K, used 23060K [0x00000006c2200000, 0x00000006ccb80000, 0x000000076b600000)
  object space 173568K, 13% used [0x00000006c2200000,0x00000006c38851a8,0x00000006ccb80000)
 Metaspace       used 15858K, capacity 16060K, committed 16256K, reserved 1062912K
  class space    used 2063K, capacity 2120K, committed 2176K, reserved 1048576K
}
Event: 5.828 GC heap before
{Heap before GC invocations=10 (full 1):
 PSYoungGen      total 525824K, used 514660K [0x000000076b600000, 0x000000078cb00000, 0x00000007c0000000)
  eden space 508928K, 100% used [0x000000076b600000,0x000000078a700000,0x000000078a700000)
  from space 16896K, 33% used [0x000000078b880000,0x000000078be19278,0x000000078c900000)
  to   space 17920K, 0% used [0x000000078a700000,0x000000078a700000,0x000000078b880000)
 ParOldGen       total 173568K, used 23060K [0x00000006c2200000, 0x00000006ccb80000, 0x000000076b600000)
  object space 173568K, 13% used [0x00000006c2200000,0x00000006c38851a8,0x00000006ccb80000)
 Metaspace       used 15870K, capacity 16060K, committed 16256K, reserved 1062912K
  class space    used 2063K, capacity 2120K, committed 2176K, reserved 1048576K
Event: 5.833 GC heap after
Heap after GC invocations=10 (full 1):
 PSYoungGen      total 526848K, used 6838K [0x000000076b600000, 0x00000007abb00000, 0x00000007c0000000)
  eden space 508928K, 0% used [0x000000076b600000,0x000000076b600000,0x000000078a700000)
  from space 17920K, 38% used [0x000000078a700000,0x000000078adadba8,0x000000078b880000)
  to   space 17920K, 0% used [0x00000007aa980000,0x00000007aa980000,0x00000007abb00000)
 ParOldGen       total 173568K, used 23292K [0x00000006c2200000, 0x00000006ccb80000, 0x000000076b600000)
  object space 173568K, 13% used [0x00000006c2200000,0x00000006c38bf1a8,0x00000006ccb80000)
 Metaspace       used 15870K, capacity 16060K, committed 16256K, reserved 1062912K
  class space    used 2063K, capacity 2120K, committed 2176K, reserved 1048576K
}
Event: 6.539 GC heap before
{Heap before GC invocations=11 (full 1):
 PSYoungGen      total 526848K, used 515766K [0x000000076b600000, 0x00000007abb00000, 0x00000007c0000000)
  eden space 508928K, 100% used [0x000000076b600000,0x000000078a700000,0x000000078a700000)
  from space 17920K, 38% used [0x000000078a700000,0x000000078adadba8,0x000000078b880000)
  to   space 17920K, 0% used [0x00000007aa980000,0x00000007aa980000,0x00000007abb00000)
 ParOldGen       total 173568K, used 23292K [0x00000006c2200000, 0x00000006ccb80000, 0x000000076b600000)
  object space 173568K, 13% used [0x00000006c2200000,0x00000006c38bf1a8,0x00000006ccb80000)
 Metaspace       used 15876K, capacity 16060K, committed 16256K, reserved 1062912K
  class space    used 2063K, capacity 2120K, committed 2176K, reserved 1048576K
Event: 6.546 GC heap after
Heap after GC invocations=11 (full 1):
 PSYoungGen      total 822784K, used 7899K [0x000000076b600000, 0x00000007ab180000, 0x00000007c0000000)
  eden space 814592K, 0% used [0x000000076b600000,0x000000076b600000,0x000000079d180000)
  from space 8192K, 96% used [0x00000007aa980000,0x00000007ab136e18,0x00000007ab180000)
  to   space 17408K, 0% used [0x00000007a8f80000,0x00000007a8f80000,0x00000007aa080000)
 ParOldGen       total 173568K, used 24116K [0x00000006c2200000, 0x00000006ccb80000, 0x000000076b600000)
  object space 173568K, 13% used [0x00000006c2200000,0x00000006c398d1a8,0x00000006ccb80000)
 Metaspace       used 15876K, capacity 16060K, committed 16256K, reserved 1062912K
  class space    used 2063K, capacity 2120K, committed 2176K, reserved 1048576K
}
Event: 7.776 GC heap before
{Heap before GC invocations=12 (full 1):
 PSYoungGen      total 822784K, used 822491K [0x000000076b600000, 0x00000007ab180000, 0x00000007c0000000)
  eden space 814592K, 100% used [0x000000076b600000,0x000000079d180000,0x000000079d180000)
  from space 8192K, 96% used [0x00000007aa980000,0x00000007ab136e18,0x00000007ab180000)
  to   space 17408K, 0% used [0x00000007a8f80000,0x00000007a8f80000,0x00000007aa080000)
 ParOldGen       total 173568K, used 24116K [0x00000006c2200000, 0x00000006ccb80000, 0x000000076b600000)
  object space 173568K, 13% used [0x00000006c2200000,0x00000006c398d1a8,0x00000006ccb80000)
 Metaspace       used 15931K, capacity 16124K, committed 16256K, reserved 1062912K
  class space    used 2063K, capacity 2120K, committed 2176K, reserved 1048576K
Event: 7.785 GC heap after
Heap after GC invocations=12 (full 1):
 PSYoungGen      total 1026560K, used 9120K [0x000000076b600000, 0x00000007bd000000, 0x00000007c0000000)
  eden space 1009152K, 0% used [0x000000076b600000,0x000000076b600000,0x00000007a8f80000)
  from space 17408K, 52% used [0x00000007a8f80000,0x00000007a9868000,0x00000007aa080000)
  to   space 16896K, 0% used [0x00000007bbf80000,0x00000007bbf80000,0x00000007bd000000)
 ParOldGen       total 173568K, used 24388K [0x00000006c2200000, 0x00000006ccb80000, 0x000000076b600000)
  object space 173568K, 14% used [0x00000006c2200000,0x00000006c39d11a8,0x00000006ccb80000)
 Metaspace       used 15931K, capacity 16124K, committed 16256K, reserved 1062912K
  class space    used 2063K, capacity 2120K, committed 2176K, reserved 1048576K
}
Event: 9.503 GC heap before
{Heap before GC invocations=13 (full 1):
 PSYoungGen      total 1026560K, used 1018272K [0x000000076b600000, 0x00000007bd000000, 0x00000007c0000000)
  eden space 1009152K, 100% used [0x000000076b600000,0x00000007a8f80000,0x00000007a8f80000)
  from space 17408K, 52% used [0x00000007a8f80000,0x00000007a9868000,0x00000007aa080000)
  to   space 16896K, 0% used [0x00000007bbf80000,0x00000007bbf80000,0x00000007bd000000)
 ParOldGen       total 173568K, used 24388K [0x00000006c2200000, 0x00000006ccb80000, 0x000000076b600000)
  object space 173568K, 14% used [0x00000006c2200000,0x00000006c39d11a8,0x00000006ccb80000)
 Metaspace       used 15977K, capacity 16188K, committed 16512K, reserved 1062912K
  class space    used 2063K, capacity 2120K, committed 2176K, reserved 1048576K
Event: 9.512 GC heap after
Heap after GC invocations=13 (full 1):
 PSYoungGen      total 971264K, used 8982K [0x000000076b600000, 0x00000007bc880000, 0x00000007c0000000)
  eden space 962048K, 0% used [0x000000076b600000,0x000000076b600000,0x00000007a6180000)
  from space 9216K, 97% used [0x00000007bbf80000,0x00000007bc845ba8,0x00000007bc880000)
  to   space 16384K, 0% used [0x00000007ba880000,0x00000007ba880000,0x00000007bb880000)
 ParOldGen       total 173568K, used 25284K [0x00000006c2200000, 0x00000006ccb80000, 0x000000076b600000)
  object space 173568K, 14% used [0x00000006c2200000,0x00000006c3ab11a8,0x00000006ccb80000)
 Metaspace       used 15977K, capacity 16188K, committed 16512K, reserved 1062912K
  class space    used 2063K, capacity 2120K, committed 2176K, reserved 1048576K
}

