# JRE version: Java(TM) SE Runtime Environment (8.0_161-b12) (build 1.8.0_161-b12)
# Java VM: Java HotSpot(TM) 64-Bit Server VM (25.161-b12 mixed mode windows-amd64 compressed oops)
Heap:
 PSYoungGen      total 75776K, used 38679K [0x000000076b600000, 0x0000000770a80000, 0x00000007c0000000)
  eden space 65024K, 59% used [0x000000076b600000,0x000000076dbc5f58,0x000000076f580000)
  from space 10752K, 0% used [0x000000076f580000,0x000000076f580000,0x0000000770000000)
  to   space 10752K, 0% used [0x0000000770000000,0x0000000770000000,0x0000000770a80000)
 ParOldGen       total 173568K, used 6634K [0x00000006c2200000, 0x00000006ccb80000, 0x000000076b600000)
  object space 173568K, 3% used [0x00000006c2200000,0x00000006c287a8f8,0x00000006ccb80000)
 Metaspace       used 15483K, capacity 15676K, committed 16000K, reserved 1062912K
  class space    used 2062K, capacity 2120K, committed 2176K, reserved 1048576K
GC Heap History (4 events):
Event: 2.550 GC heap before
{Heap before GC invocations=1 (full 0):
 PSYoungGen      total 75776K, used 25922K [0x000000076b600000, 0x0000000770a80000, 0x00000007c0000000)
  eden space 65024K, 39% used [0x000000076b600000,0x000000076cf50af0,0x000000076f580000)
  from space 10752K, 0% used [0x0000000770000000,0x0000000770000000,0x0000000770a80000)
  to   space 10752K, 0% used [0x000000076f580000,0x000000076f580000,0x0000000770000000)
 ParOldGen       total 173568K, used 0K [0x00000006c2200000, 0x00000006ccb80000, 0x000000076b600000)
  object space 173568K, 0% used [0x00000006c2200000,0x00000006c2200000,0x00000006ccb80000)
 Metaspace       used 14164K, capacity 14332K, committed 14592K, reserved 1062912K
  class space    used 1927K, capacity 1992K, committed 2048K, reserved 1048576K
Event: 2.554 GC heap after
Heap after GC invocations=1 (full 0):
 PSYoungGen      total 75776K, used 9958K [0x000000076b600000, 0x0000000770a80000, 0x00000007c0000000)
  eden space 65024K, 0% used [0x000000076b600000,0x000000076b600000,0x000000076f580000)
  from space 10752K, 92% used [0x000000076f580000,0x000000076ff398a0,0x0000000770000000)
  to   space 10752K, 0% used [0x0000000770000000,0x0000000770000000,0x0000000770a80000)
 ParOldGen       total 173568K, used 4457K [0x00000006c2200000, 0x00000006ccb80000, 0x000000076b600000)
  object space 173568K, 2% used [0x00000006c2200000,0x00000006c265a4f0,0x00000006ccb80000)
 Metaspace       used 14164K, capacity 14332K, committed 14592K, reserved 1062912K
  class space    used 1927K, capacity 1992K, committed 2048K, reserved 1048576K
}
Event: 2.555 GC heap before
{Heap before GC invocations=2 (full 1):
 PSYoungGen      total 75776K, used 9958K [0x000000076b600000, 0x0000000770a80000, 0x00000007c0000000)
  eden space 65024K, 0% used [0x000000076b600000,0x000000076b600000,0x000000076f580000)
  from space 10752K, 92% used [0x000000076f580000,0x000000076ff398a0,0x0000000770000000)
  to   space 10752K, 0% used [0x0000000770000000,0x0000000770000000,0x0000000770a80000)
 ParOldGen       total 173568K, used 4457K [0x00000006c2200000, 0x00000006ccb80000, 0x000000076b600000)
  object space 173568K, 2% used [0x00000006c2200000,0x00000006c265a4f0,0x00000006ccb80000)
 Metaspace       used 14164K, capacity 14332K, committed 14592K, reserved 1062912K
  class space    used 1927K, capacity 1992K, committed 2048K, reserved 1048576K
Event: 2.571 GC heap after
Heap after GC invocations=2 (full 1):
 PSYoungGen      total 75776K, used 0K [0x000000076b600000, 0x0000000770a80000, 0x00000007c0000000)
  eden space 65024K, 0% used [0x000000076b600000,0x000000076b600000,0x000000076f580000)
  from space 10752K, 0% used [0x000000076f580000,0x000000076f580000,0x0000000770000000)
  to   space 10752K, 0% used [0x0000000770000000,0x0000000770000000,0x0000000770a80000)
 ParOldGen       total 173568K, used 6634K [0x00000006c2200000, 0x00000006ccb80000, 0x000000076b600000)
  object space 173568K, 3% used [0x00000006c2200000,0x00000006c287a8f8,0x00000006ccb80000)
 Metaspace       used 14164K, capacity 14332K, committed 14592K, reserved 1062912K
  class space    used 1927K, capacity 1992K, committed 2048K, reserved 1048576K
}

